[0111/185516.304:ERROR:directory_reader_win.cc(43)] FindFirstFile: The system cannot find the path specified. (0x3)
<<<<<<< HEAD
[0120/200546.715:ERROR:directory_reader_win.cc(43)] FindFirstFile: The system cannot find the path specified. (0x3)
[0121/102220.689:ERROR:directory_reader_win.cc(43)] FindFirstFile: The system cannot find the path specified. (0x3)
=======
<<<<<<< HEAD
[0113/164933.686:ERROR:process_reader_win.cc(123)] NtOpenThread: {Access Denied} A process has requested access to an object, but has not been granted those access rights. (0xc0000022)
[0113/164933.668:ERROR:process_reader_win.cc(123)] NtOpenThread: {Access Denied} A process has requested access to an object, but has not been granted those access rights. (0xc0000022)
[0113/164933.679:ERROR:process_reader_win.cc(123)] NtOpenThread: {Access Denied} A process has requested access to an object, but has not been granted those access rights. (0xc0000022)
[0113/164933.690:ERROR:exception_snapshot_win.cc(99)] thread ID 15120 not found in process
[0113/164933.690:ERROR:exception_snapshot_win.cc(99)] thread ID 6364 not found in process
[0113/164933.691:ERROR:scoped_process_suspend.cc(40)] NtResumeProcess: An attempt was made to access an exiting process. (0xc000010a)
[0113/164933.690:ERROR:exception_snapshot_win.cc(99)] thread ID 6436 not found in process
[0113/164933.704:ERROR:process_reader_win.cc(123)] NtOpenThread: {Access Denied} A process has requested access to an object, but has not been granted those access rights. (0xc0000022)
[0113/164933.704:ERROR:exception_snapshot_win.cc(99)] thread ID 14492 not found in process
[0113/164933.726:ERROR:process_reader_win.cc(123)] NtOpenThread: {Access Denied} A process has requested access to an object, but has not been granted those access rights. (0xc0000022)
[0113/164933.726:ERROR:exception_snapshot_win.cc(99)] thread ID 8020 not found in process
[0113/164933.736:ERROR:process_reader_win.cc(123)] NtOpenThread: {Access Denied} A process has requested access to an object, but has not been granted those access rights. (0xc0000022)
[0113/164933.737:ERROR:exception_snapshot_win.cc(99)] thread ID 16640 not found in process
[0113/164933.740:ERROR:process_reader_win.cc(123)] NtOpenThread: {Access Denied} A process has requested access to an object, but has not been granted those access rights. (0xc0000022)
[0113/164933.740:ERROR:exception_snapshot_win.cc(99)] thread ID 10092 not found in process
=======
[0120/200546.715:ERROR:directory_reader_win.cc(43)] FindFirstFile: The system cannot find the path specified. (0x3)
[0121/102220.689:ERROR:directory_reader_win.cc(43)] FindFirstFile: The system cannot find the path specified. (0x3)
>>>>>>> fd25c8b6e3a660c4893f9ee7e0fd9f4a5375aac4
[0125/223443.406:ERROR:directory_reader_win.cc(43)] FindFirstFile: The system cannot find the path specified. (0x3)
[0126/104833.151:ERROR:directory_reader_win.cc(43)] FindFirstFile: The system cannot find the path specified. (0x3)
>>>>>>> a1ada8eeee6d10f448d723fae2c68fa15d72cbb6
